<?xml version="1.0" encoding="utf-8"?><testsuites name="pytest tests"><testsuite name="pytest" errors="0" failures="0" skipped="0" tests="10" time="22.771" timestamp="2026-05-01T18:52:35.104880+00:00" hostname="agent-env-cf33fbe9-8eb5-41be-8595-2969c13df6cf"><testcase classname="backend.tests.test_finance_api.TestHealth" name="test_health_ok" time="0.132" /><testcase classname="backend.tests.test_finance_api.TestUpload" name="test_upload_returns_doc_meta" time="19.555" /><testcase classname="backend.tests.test_finance_api.TestUpload" name="test_upload_rejects_non_pdf" time="0.053" /><testcase classname="backend.tests.test_finance_api.TestDocuments" name="test_list_documents_includes_uploaded" time="0.062" /><testcase classname="backend.tests.test_finance_api.TestDocuments" name="test_get_document_returns_transactions" time="0.075" /><testcase classname="backend.tests.test_finance_api.TestDocuments" name="test_get_document_404" time="0.049" /><testcase classname="backend.tests.test_finance_api.TestQuery" name="test_benign_query" time="1.162" /><testcase classname="backend.tests.test_finance_api.TestQuery" name="test_harmful_query_blocked" time="1.573" /><testcase classname="backend.tests.test_finance_api.TestQuery" name="test_query_404_for_unknown_doc" time="0.054" /><testcase classname="backend.tests.test_finance_api.TestPIIArtifacts" name="test_masked_markdown_has_redacted_tokens" time="0.000" /></testsuite></testsuites>